<?xml version="1.0" encoding="UTF-8"?>
<testsuite xmlns:xsi="http://www.w3.org/2001/XMLSchema-instance" xsi:noNamespaceSchemaLocation="https://maven.apache.org/surefire/maven-surefire-plugin/xsd/surefire-test-report-3.0.xsd" version="3.0" name="com.webapp.backend.WebAppBackEndApplicationTests" time="33.562" tests="1" errors="0" skipped="0" failures="0">
  <properties>
[...]
</properties>
  <testcase name="contextLoads" classname="com.webapp.backend.WebAppBackEndApplicationTests" time="0.453">
    <system-out><![CDATA[21:41:19.545 [main] INFO org.springframework.test.context.support.AnnotationConfigContextLoaderUtils -- Could not detect default configuration classes for test class [com.webapp.backend.WebAppBackEndApplicationTests]: WebAppBackEndApplicationTests does not declare any static, non-private, non-final, nested classes annotated with @Configuration.
21:41:19.663 [main] INFO org.springframework.boot.test.context.SpringBootTestContextBootstrapper -- Found @SpringBootConfiguration com.webapp.backend.WebAppBackEndApplication for test class com.webapp.backend.WebAppBackEndApplicationTests
21:41:19.843 [main] INFO org.springframework.boot.devtools.restart.RestartApplicationListener -- Restart disabled due to context in which it is running
21:41:19,297 |-INFO in ch.qos.logback.classic.LoggerContext[default] - This is logback-classic version 1.4.11
21:41:19,301 |-INFO in ch.qos.logback.classic.util.ContextInitializer@91c4a3f - Here is a list of configurators discovered as a service, by rank: 
21:41:19,301 |-INFO in ch.qos.logback.classic.util.ContextInitializer@91c4a3f -   org.springframework.boot.logging.logback.RootLogLevelConfigurator
21:41:19,301 |-INFO in ch.qos.logback.classic.util.ContextInitializer@91c4a3f - They will be invoked in order until ExecutionStatus.DO_NOT_INVOKE_NEXT_IF_ANY is returned.
21:41:19,301 |-INFO in ch.qos.logback.classic.util.ContextInitializer@91c4a3f - Constructed configurator of type class org.springframework.boot.logging.logback.RootLogLevelConfigurator
21:41:19,314 |-INFO in ch.qos.logback.classic.util.ContextInitializer@91c4a3f - org.springframework.boot.logging.logback.RootLogLevelConfigurator.configure() call lasted 0 milliseconds. ExecutionStatus=INVOKE_NEXT_IF_ANY
21:41:19,314 |-INFO in ch.qos.logback.classic.util.ContextInitializer@91c4a3f - Trying to configure with ch.qos.logback.classic.joran.SerializedModelConfigurator
21:41:19,315 |-INFO in ch.qos.logback.classic.util.ContextInitializer@91c4a3f - Constructed configurator of type class ch.qos.logback.classic.joran.SerializedModelConfigurator
21:41:19,341 |-INFO in ch.qos.logback.classic.LoggerContext[default] - Could NOT find resource [logback-test.scmo]
21:41:19,341 |-INFO in ch.qos.logback.classic.LoggerContext[default] - Could NOT find resource [logback.scmo]
21:41:19,341 |-INFO in ch.qos.logback.classic.util.ContextInitializer@91c4a3f - ch.qos.logback.classic.joran.SerializedModelConfigurator.configure() call lasted 26 milliseconds. ExecutionStatus=INVOKE_NEXT_IF_ANY
21:41:19,341 |-INFO in ch.qos.logback.classic.util.ContextInitializer@91c4a3f - Trying to configure with ch.qos.logback.classic.util.DefaultJoranConfigurator
21:41:19,341 |-INFO in ch.qos.logback.classic.util.ContextInitializer@91c4a3f - Constructed configurator of type class ch.qos.logback.classic.util.DefaultJoranConfigurator
21:41:19,342 |-INFO in ch.qos.logback.classic.LoggerContext[default] - Could NOT find resource [logback-test.xml]
21:41:19,342 |-INFO in ch.qos.logback.classic.LoggerContext[default] - Could NOT find resource [logback.xml]
21:41:19,342 |-INFO in ch.qos.logback.classic.util.ContextInitializer@91c4a3f - ch.qos.logback.classic.util.DefaultJoranConfigurator.configure() call lasted 1 milliseconds. ExecutionStatus=INVOKE_NEXT_IF_ANY
21:41:19,342 |-INFO in ch.qos.logback.classic.util.ContextInitializer@91c4a3f - Trying to configure with ch.qos.logback.classic.BasicConfigurator
21:41:19,343 |-INFO in ch.qos.logback.classic.util.ContextInitializer@91c4a3f - Constructed configurator of type class ch.qos.logback.classic.BasicConfigurator
21:41:19,343 |-INFO in ch.qos.logback.classic.BasicConfigurator@62d0ac62 - Setting up default configuration.
21:41:19,362 |-INFO in ch.qos.logback.classic.util.ContextInitializer@91c4a3f - ch.qos.logback.classic.BasicConfigurator.configure() call lasted 19 milliseconds. ExecutionStatus=NEUTRAL
21:41:20,064 |-INFO in ch.qos.logback.core.model.processor.AppenderModelHandler - Processing appender named [FILE_ALL]
21:41:20,064 |-INFO in ch.qos.logback.core.model.processor.AppenderModelHandler - About to instantiate appender of type [ch.qos.logback.core.FileAppender]
21:41:20,071 |-INFO in ch.qos.logback.core.model.processor.ImplicitModelHandler - Assuming default type [ch.qos.logback.classic.encoder.PatternLayoutEncoder] for [encoder] property
21:41:20,071 |-WARN in ch.qos.logback.core.model.processor.ImplicitModelHandler - Ignoring unknown property [maxHistory] in [ch.qos.logback.classic.encoder.PatternLayoutEncoder]
21:41:20,083 |-INFO in ch.qos.logback.core.FileAppender[FILE_ALL] - File property is set to [./logs/all_log.log]
21:41:20,084 |-INFO in ch.qos.logback.core.model.processor.AppenderModelHandler - Processing appender named [FILE_SPECIAL]
21:41:20,084 |-INFO in ch.qos.logback.core.model.processor.AppenderModelHandler - About to instantiate appender of type [ch.qos.logback.core.FileAppender]
21:41:20,084 |-INFO in ch.qos.logback.core.model.processor.ImplicitModelHandler - Assuming default type [ch.qos.logback.classic.encoder.PatternLayoutEncoder] for [encoder] property
21:41:20,084 |-WARN in ch.qos.logback.core.model.processor.ImplicitModelHandler - Ignoring unknown property [maxHistory] in [ch.qos.logback.classic.encoder.PatternLayoutEncoder]
21:41:20,085 |-INFO in ch.qos.logback.core.FileAppender[FILE_SPECIAL] - File property is set to [./logs/info_trace.log]
21:41:20,085 |-INFO in ch.qos.logback.core.model.processor.AppenderModelHandler - Processing appender named [CONSOLE]
21:41:20,085 |-INFO in ch.qos.logback.core.model.processor.AppenderModelHandler - About to instantiate appender of type [ch.qos.logback.core.ConsoleAppender]
21:41:20,085 |-INFO in ch.qos.logback.core.model.processor.ImplicitModelHandler - Assuming default type [ch.qos.logback.classic.encoder.PatternLayoutEncoder] for [encoder] property
21:41:20,086 |-INFO in ch.qos.logback.classic.model.processor.RootLoggerModelHandler - Setting level of ROOT logger to INFO
21:41:20,086 |-INFO in ch.qos.logback.classic.jul.LevelChangePropagator@150d80c4 - Propagating INFO level on Logger[ROOT] onto the JUL framework
21:41:20,087 |-INFO in ch.qos.logback.core.model.processor.AppenderRefModelHandler - Attaching appender named [FILE_ALL] to Logger[ROOT]
21:41:20,087 |-INFO in ch.qos.logback.core.model.processor.AppenderRefModelHandler - Attaching appender named [CONSOLE] to Logger[ROOT]
21:41:20,087 |-INFO in ch.qos.logback.classic.model.processor.LoggerModelHandler - Setting level of logger [info_trace] to INFO
21:41:20,087 |-INFO in ch.qos.logback.classic.jul.LevelChangePropagator@150d80c4 - Propagating INFO level on Logger[info_trace] onto the JUL framework
21:41:20,090 |-INFO in ch.qos.logback.classic.model.processor.LoggerModelHandler - Setting additivity of logger [info_trace] to false
21:41:20,090 |-INFO in ch.qos.logback.core.model.processor.AppenderRefModelHandler - Attaching appender named [FILE_SPECIAL] to Logger[info_trace]
21:41:20,090 |-INFO in ch.qos.logback.core.model.processor.DefaultProcessor@6826c41e - End of configuration.
21:41:20,090 |-INFO in org.springframework.boot.logging.logback.SpringBootJoranConfigurator@3003697 - Registering current configuration as safe fallback point


  .   ____          _            __ _ _
 /\\ / ___'_ __ _ _(_)_ __  __ _ \ \ \ \
( ( )\___ | '_ | '_| | '_ \/ _` | \ \ \ \
 \\/  ___)| |_)| | | | | || (_| |  ) ) ) )
  '  |____| .__|_| |_|_| |_\__, | / / / /
 =========|_|==============|___/=/_/_/_/
 :: Spring Boot ::                (v3.1.5)

2023-12-07 21:41:20.121 [background-preinit] INFO  o.h.validator.internal.util.Version - HV000001: Hibernate Validator 8.0.1.Final
2023-12-07 21:41:20.143 [main] INFO  c.w.b.WebAppBackEndApplicationTests - Starting WebAppBackEndApplicationTests using Java 17.0.9 with PID 18864 (started by hbgia in F:\workspace\sources\giang\WebApp\WebApp)
2023-12-07 21:41:20.143 [main] INFO  c.w.b.WebAppBackEndApplicationTests - No active profile set, falling back to 1 default profile: "default"
2023-12-07 21:41:21.173 [main] INFO  o.s.d.r.c.RepositoryConfigurationDelegate - Bootstrapping Spring Data JPA repositories in DEFAULT mode.
2023-12-07 21:41:21.234 [main] INFO  o.s.d.r.c.RepositoryConfigurationDelegate - Finished Spring Data repository scanning in 56 ms. Found 6 JPA repository interfaces.
2023-12-07 21:41:22.005 [main] INFO  o.h.jpa.internal.util.LogHelper - HHH000204: Processing PersistenceUnitInfo [name: default]
2023-12-07 21:41:22.072 [main] INFO  org.hibernate.Version - HHH000412: Hibernate ORM core version 6.2.13.Final
2023-12-07 21:41:22.074 [main] INFO  org.hibernate.cfg.Environment - HHH000406: Using bytecode reflection optimizer
2023-12-07 21:41:22.419 [main] INFO  o.s.o.j.p.SpringPersistenceUnitInfo - No LoadTimeWeaver setup: ignoring JPA class transformer
2023-12-07 21:41:22.450 [main] INFO  com.zaxxer.hikari.HikariDataSource - HikariPool-1 - Starting...
2023-12-07 21:41:35.716 [main] INFO  com.zaxxer.hikari.pool.HikariPool - HikariPool-1 - Added connection org.postgresql.jdbc.PgConnection@1de30c31
2023-12-07 21:41:35.718 [main] INFO  com.zaxxer.hikari.HikariDataSource - HikariPool-1 - Start completed.
2023-12-07 21:41:40.538 [main] INFO  o.h.e.t.j.p.i.JtaPlatformInitiator - HHH000489: No JTA platform available (set 'hibernate.transaction.jta.platform' to enable JTA platform integration)
2023-12-07 21:41:45.468 [main] INFO  o.s.o.j.LocalContainerEntityManagerFactoryBean - Initialized JPA EntityManagerFactory for persistence unit 'default'
2023-12-07 21:41:45.711 [main] INFO  o.s.d.j.r.query.QueryEnhancerFactory - Hibernate is in classpath; If applicable, HQL parser will be used.
2023-12-07 21:41:46.674 [main] WARN  o.s.b.a.o.j.JpaBaseConfiguration$JpaWebConfiguration - spring.jpa.open-in-view is enabled by default. Therefore, database queries may be performed during view rendering. Explicitly configure spring.jpa.open-in-view to disable this warning
2023-12-07 21:41:46.790 [main] INFO  o.s.s.web.DefaultSecurityFilterChain - Will secure any request with [org.springframework.security.web.session.DisableEncodeUrlFilter@47ce059f, org.springframework.security.web.context.request.async.WebAsyncManagerIntegrationFilter@17b4d5ab, org.springframework.security.web.context.SecurityContextHolderFilter@40b0c9be, org.springframework.security.web.header.HeaderWriterFilter@29abec7e, org.springframework.security.web.authentication.logout.LogoutFilter@53c1f4ae, com.webapp.backend.security.jwt.JwtRequestFilter@79414283, org.springframework.security.web.savedrequest.RequestCacheAwareFilter@1448e2b6, org.springframework.security.web.servletapi.SecurityContextHolderAwareRequestFilter@69a0e285, org.springframework.security.web.authentication.AnonymousAuthenticationFilter@3531c23a, org.springframework.security.web.session.SessionManagementFilter@2db6d66d, org.springframework.security.web.access.ExceptionTranslationFilter@29ee8374, org.springframework.security.web.access.intercept.AuthorizationFilter@287f1aaf]
2023-12-07 21:41:48.005 [main] INFO  c.w.b.WebAppBackEndApplicationTests - Started WebAppBackEndApplicationTests in 28.175 seconds (process running for 29.626)
]]></system-out>
  </testcase>
</testsuite>