<?xml version="1.0" encoding="UTF-8"?>
<testsuite xmlns:xsi="http://www.w3.org/2001/XMLSchema-instance" xsi:noNamespaceSchemaLocation="https://maven.apache.org/surefire/maven-surefire-plugin/xsd/surefire-test-report-3.0.xsd" version="3.0" name="com.webapp.backend.WebAppBackEndApplicationTests" time="23.573" tests="1" errors="0" skipped="0" failures="0">
  <properties>
[...]
</properties>
  <testcase name="contextLoads" classname="com.webapp.backend.WebAppBackEndApplicationTests" time="2.163">
    <system-out><![CDATA[23:00:27.899 [main] INFO org.springframework.test.context.support.AnnotationConfigContextLoaderUtils -- Could not detect default configuration classes for test class [com.webapp.backend.WebAppBackEndApplicationTests]: WebAppBackEndApplicationTests does not declare any static, non-private, non-final, nested classes annotated with @Configuration.
23:00:28.075 [main] INFO org.springframework.boot.test.context.SpringBootTestContextBootstrapper -- Found @SpringBootConfiguration com.webapp.backend.WebAppBackEndApplication for test class com.webapp.backend.WebAppBackEndApplicationTests
23:00:28.369 [main] INFO org.springframework.boot.devtools.restart.RestartApplicationListener -- Restart disabled due to context in which it is running
23:00:27,717 |-INFO in ch.qos.logback.classic.LoggerContext[default] - This is logback-classic version 1.4.11
23:00:27,721 |-INFO in ch.qos.logback.classic.util.ContextInitializer@64d43929 - Here is a list of configurators discovered as a service, by rank: 
23:00:27,721 |-INFO in ch.qos.logback.classic.util.ContextInitializer@64d43929 -   org.springframework.boot.logging.logback.RootLogLevelConfigurator
23:00:27,721 |-INFO in ch.qos.logback.classic.util.ContextInitializer@64d43929 - They will be invoked in order until ExecutionStatus.DO_NOT_INVOKE_NEXT_IF_ANY is returned.
23:00:27,721 |-INFO in ch.qos.logback.classic.util.ContextInitializer@64d43929 - Constructed configurator of type class org.springframework.boot.logging.logback.RootLogLevelConfigurator
23:00:27,732 |-INFO in ch.qos.logback.classic.util.ContextInitializer@64d43929 - org.springframework.boot.logging.logback.RootLogLevelConfigurator.configure() call lasted 0 milliseconds. ExecutionStatus=INVOKE_NEXT_IF_ANY
23:00:27,732 |-INFO in ch.qos.logback.classic.util.ContextInitializer@64d43929 - Trying to configure with ch.qos.logback.classic.joran.SerializedModelConfigurator
23:00:27,733 |-INFO in ch.qos.logback.classic.util.ContextInitializer@64d43929 - Constructed configurator of type class ch.qos.logback.classic.joran.SerializedModelConfigurator
23:00:27,754 |-INFO in ch.qos.logback.classic.LoggerContext[default] - Could NOT find resource [logback-test.scmo]
23:00:27,754 |-INFO in ch.qos.logback.classic.LoggerContext[default] - Could NOT find resource [logback.scmo]
23:00:27,754 |-INFO in ch.qos.logback.classic.util.ContextInitializer@64d43929 - ch.qos.logback.classic.joran.SerializedModelConfigurator.configure() call lasted 21 milliseconds. ExecutionStatus=INVOKE_NEXT_IF_ANY
23:00:27,754 |-INFO in ch.qos.logback.classic.util.ContextInitializer@64d43929 - Trying to configure with ch.qos.logback.classic.util.DefaultJoranConfigurator
23:00:27,755 |-INFO in ch.qos.logback.classic.util.ContextInitializer@64d43929 - Constructed configurator of type class ch.qos.logback.classic.util.DefaultJoranConfigurator
23:00:27,756 |-INFO in ch.qos.logback.classic.LoggerContext[default] - Could NOT find resource [logback-test.xml]
23:00:27,756 |-INFO in ch.qos.logback.classic.LoggerContext[default] - Could NOT find resource [logback.xml]
23:00:27,756 |-INFO in ch.qos.logback.classic.util.ContextInitializer@64d43929 - ch.qos.logback.classic.util.DefaultJoranConfigurator.configure() call lasted 1 milliseconds. ExecutionStatus=INVOKE_NEXT_IF_ANY
23:00:27,756 |-INFO in ch.qos.logback.classic.util.ContextInitializer@64d43929 - Trying to configure with ch.qos.logback.classic.BasicConfigurator
23:00:27,757 |-INFO in ch.qos.logback.classic.util.ContextInitializer@64d43929 - Constructed configurator of type class ch.qos.logback.classic.BasicConfigurator
23:00:27,757 |-INFO in ch.qos.logback.classic.BasicConfigurator@1d269ed7 - Setting up default configuration.
23:00:27,772 |-INFO in ch.qos.logback.classic.util.ContextInitializer@64d43929 - ch.qos.logback.classic.BasicConfigurator.configure() call lasted 15 milliseconds. ExecutionStatus=NEUTRAL
23:00:28,906 |-INFO in ch.qos.logback.core.model.processor.AppenderModelHandler - Processing appender named [FILE_ALL]
23:00:28,906 |-INFO in ch.qos.logback.core.model.processor.AppenderModelHandler - About to instantiate appender of type [ch.qos.logback.core.FileAppender]
23:00:28,916 |-INFO in ch.qos.logback.core.model.processor.ImplicitModelHandler - Assuming default type [ch.qos.logback.classic.encoder.PatternLayoutEncoder] for [encoder] property
23:00:28,918 |-WARN in ch.qos.logback.core.model.processor.ImplicitModelHandler - Ignoring unknown property [maxHistory] in [ch.qos.logback.classic.encoder.PatternLayoutEncoder]
23:00:28,946 |-INFO in ch.qos.logback.core.FileAppender[FILE_ALL] - File property is set to [./logs/all_log.log]
23:00:28,947 |-INFO in ch.qos.logback.core.model.processor.AppenderModelHandler - Processing appender named [FILE_SPECIAL]
23:00:28,947 |-INFO in ch.qos.logback.core.model.processor.AppenderModelHandler - About to instantiate appender of type [ch.qos.logback.core.FileAppender]
23:00:28,947 |-INFO in ch.qos.logback.core.model.processor.ImplicitModelHandler - Assuming default type [ch.qos.logback.classic.encoder.PatternLayoutEncoder] for [encoder] property
23:00:28,947 |-WARN in ch.qos.logback.core.model.processor.ImplicitModelHandler - Ignoring unknown property [maxHistory] in [ch.qos.logback.classic.encoder.PatternLayoutEncoder]
23:00:28,947 |-INFO in ch.qos.logback.core.FileAppender[FILE_SPECIAL] - File property is set to [./logs/info_trace.log]
23:00:28,948 |-INFO in ch.qos.logback.core.model.processor.AppenderModelHandler - Processing appender named [CONSOLE]
23:00:28,948 |-INFO in ch.qos.logback.core.model.processor.AppenderModelHandler - About to instantiate appender of type [ch.qos.logback.core.ConsoleAppender]
23:00:28,948 |-INFO in ch.qos.logback.core.model.processor.ImplicitModelHandler - Assuming default type [ch.qos.logback.classic.encoder.PatternLayoutEncoder] for [encoder] property
23:00:28,949 |-INFO in ch.qos.logback.classic.model.processor.RootLoggerModelHandler - Setting level of ROOT logger to INFO
23:00:28,950 |-INFO in ch.qos.logback.classic.jul.LevelChangePropagator@437ebf59 - Propagating INFO level on Logger[ROOT] onto the JUL framework
23:00:28,951 |-INFO in ch.qos.logback.core.model.processor.AppenderRefModelHandler - Attaching appender named [FILE_ALL] to Logger[ROOT]
23:00:28,951 |-INFO in ch.qos.logback.core.model.processor.AppenderRefModelHandler - Attaching appender named [CONSOLE] to Logger[ROOT]
23:00:28,951 |-INFO in ch.qos.logback.classic.model.processor.LoggerModelHandler - Setting level of logger [info_trace] to INFO
23:00:28,951 |-INFO in ch.qos.logback.classic.jul.LevelChangePropagator@437ebf59 - Propagating INFO level on Logger[info_trace] onto the JUL framework
23:00:28,955 |-INFO in ch.qos.logback.classic.model.processor.LoggerModelHandler - Setting additivity of logger [info_trace] to false
23:00:28,955 |-INFO in ch.qos.logback.core.model.processor.AppenderRefModelHandler - Attaching appender named [FILE_SPECIAL] to Logger[info_trace]
23:00:28,955 |-INFO in ch.qos.logback.core.model.processor.DefaultProcessor@41c89d2f - End of configuration.
23:00:28,955 |-INFO in org.springframework.boot.logging.logback.SpringBootJoranConfigurator@410e94e - Registering current configuration as safe fallback point


  .   ____          _            __ _ _
 /\\ / ___'_ __ _ _(_)_ __  __ _ \ \ \ \
( ( )\___ | '_ | '_| | '_ \/ _` | \ \ \ \
 \\/  ___)| |_)| | | | | || (_| |  ) ) ) )
  '  |____| .__|_| |_|_| |_\__, | / / / /
 =========|_|==============|___/=/_/_/_/
 :: Spring Boot ::                (v3.1.5)

2023-12-10 23:00:29.003 [background-preinit] INFO  o.h.validator.internal.util.Version - HV000001: Hibernate Validator 8.0.1.Final
2023-12-10 23:00:29.033 [main] INFO  c.w.b.WebAppBackEndApplicationTests - Starting WebAppBackEndApplicationTests using Java 17.0.9 with PID 14648 (started by Innotech in D:\KhaiHoan\WebApp)
2023-12-10 23:00:29.035 [main] INFO  c.w.b.WebAppBackEndApplicationTests - No active profile set, falling back to 1 default profile: "default"
2023-12-10 23:00:31.217 [main] INFO  o.s.d.r.c.RepositoryConfigurationDelegate - Bootstrapping Spring Data JPA repositories in DEFAULT mode.
2023-12-10 23:00:31.440 [main] INFO  o.s.d.r.c.RepositoryConfigurationDelegate - Finished Spring Data repository scanning in 200 ms. Found 6 JPA repository interfaces.
2023-12-10 23:00:32.981 [main] INFO  o.h.jpa.internal.util.LogHelper - HHH000204: Processing PersistenceUnitInfo [name: default]
2023-12-10 23:00:33.115 [main] INFO  org.hibernate.Version - HHH000412: Hibernate ORM core version 6.2.13.Final
2023-12-10 23:00:33.121 [main] INFO  org.hibernate.cfg.Environment - HHH000406: Using bytecode reflection optimizer
2023-12-10 23:00:34.013 [main] INFO  o.s.o.j.p.SpringPersistenceUnitInfo - No LoadTimeWeaver setup: ignoring JPA class transformer
2023-12-10 23:00:34.095 [main] INFO  com.zaxxer.hikari.HikariDataSource - HikariPool-1 - Starting...
2023-12-10 23:00:35.127 [main] INFO  com.zaxxer.hikari.pool.HikariPool - HikariPool-1 - Added connection org.postgresql.jdbc.PgConnection@194037f9
2023-12-10 23:00:35.131 [main] INFO  com.zaxxer.hikari.HikariDataSource - HikariPool-1 - Start completed.
2023-12-10 23:00:38.711 [main] INFO  o.h.e.t.j.p.i.JtaPlatformInitiator - HHH000489: No JTA platform available (set 'hibernate.transaction.jta.platform' to enable JTA platform integration)
2023-12-10 23:00:40.180 [main] INFO  o.s.o.j.LocalContainerEntityManagerFactoryBean - Initialized JPA EntityManagerFactory for persistence unit 'default'
2023-12-10 23:00:40.887 [main] INFO  o.s.d.j.r.query.QueryEnhancerFactory - Hibernate is in classpath; If applicable, HQL parser will be used.
2023-12-10 23:00:43.841 [main] WARN  o.s.b.a.o.j.JpaBaseConfiguration$JpaWebConfiguration - spring.jpa.open-in-view is enabled by default. Therefore, database queries may be performed during view rendering. Explicitly configure spring.jpa.open-in-view to disable this warning
2023-12-10 23:00:44.137 [main] INFO  o.s.s.web.DefaultSecurityFilterChain - Will secure any request with [org.springframework.security.web.session.DisableEncodeUrlFilter@3e759542, org.springframework.security.web.context.request.async.WebAsyncManagerIntegrationFilter@639d8311, org.springframework.security.web.context.SecurityContextHolderFilter@6bddd4ce, org.springframework.security.web.header.HeaderWriterFilter@7e893e88, org.springframework.security.web.authentication.logout.LogoutFilter@7dfdf161, com.webapp.backend.security.jwt.JwtRequestFilter@2bed4ed, org.springframework.security.web.savedrequest.RequestCacheAwareFilter@16019c16, org.springframework.security.web.servletapi.SecurityContextHolderAwareRequestFilter@2ea7e25d, org.springframework.security.web.authentication.AnonymousAuthenticationFilter@5d2e6b31, org.springframework.security.web.session.SessionManagementFilter@374bbe80, org.springframework.security.web.access.ExceptionTranslationFilter@bd99c67, org.springframework.security.web.access.intercept.AuthorizationFilter@7a54fc29]
2023-12-10 23:00:48.517 [main] INFO  c.w.b.WebAppBackEndApplicationTests - Started WebAppBackEndApplicationTests in 20.174 seconds (process running for 21.734)
]]></system-out>
  </testcase>
</testsuite>